2015-11-10 15:26:56 10fc InnoDB: Warning: Using innodb_additional_mem_pool_size is DEPRECATED. This option may be removed in future releases, together with the option innodb_use_sys_malloc and with the InnoDB's internal memory allocator.
2015-11-10 15:26:56 4348 [Note] InnoDB: Using mutexes to ref count buffer pool pages
2015-11-10 15:26:56 4348 [Note] InnoDB: The InnoDB memory heap is disabled
2015-11-10 15:26:56 4348 [Note] InnoDB: Mutexes and rw_locks use Windows interlocked functions
2015-11-10 15:26:56 4348 [Note] InnoDB: Memory barrier is not used
2015-11-10 15:26:56 4348 [Note] InnoDB: Compressed tables use zlib 1.2.3
2015-11-10 15:26:56 4348 [Note] InnoDB: Not using CPU crc32 instructions
2015-11-10 15:26:56 4348 [Note] InnoDB: Initializing buffer pool, size = 16.0M
2015-11-10 15:26:56 4348 [Note] InnoDB: Completed initialization of buffer pool
2015-11-10 15:26:56 4348 [Note] InnoDB: Highest supported file format is Barracuda.
2015-11-10 15:26:57 4348 [Note] InnoDB: 128 rollback segment(s) are active.
2015-11-10 15:26:57 4348 [Note] InnoDB: Waiting for purge to start
2015-11-10 15:26:57 4348 [Note] InnoDB:  Percona XtraDB (http://www.percona.com) 5.6.26-74.0 started; log sequence number 1835027
2015-11-10 15:26:57 6140 [Note] InnoDB: Dumping buffer pool(s) not yet started
2015-11-10 15:26:57 4348 [Note] Plugin 'FEEDBACK' is disabled.
2015-11-10 15:26:57 4348 [Note] Server socket created on IP: '::'.
2015-11-10 15:26:57 4348 [Note] Event Scheduler: Loaded 0 events
2015-11-10 15:26:57 4348 [Note] C:\xampp\mysql\bin\mysqld.exe: ready for connections.
Version: '10.1.8-MariaDB'  socket: ''  port: 3306  mariadb.org binary distribution
2015-11-10 15:27:11 5152 [Note] C:\xampp\mysql\bin\mysqld.exe: Normal shutdown

2015-11-10 15:27:11 5152 [Note] Event Scheduler: Purging the queue. 0 events
2015-11-10 15:27:11 5732 [Note] InnoDB: FTS optimize thread exiting.
2015-11-10 15:27:11 5152 [Note] InnoDB: Starting shutdown...
2015-11-10 15:27:13 5152 [Note] InnoDB: Shutdown completed; log sequence number 1835037
2015-11-10 15:27:13 5152 [Note] C:\xampp\mysql\bin\mysqld.exe: Shutdown complete

2018-10-28 15:10:12 15e0 InnoDB: Warning: Using innodb_additional_mem_pool_size is DEPRECATED. This option may be removed in future releases, together with the option innodb_use_sys_malloc and with the InnoDB's internal memory allocator.
2018-10-28 15:10:12 5600 [Note] InnoDB: innodb_empty_free_list_algorithm has been changed to legacy because of small buffer pool size. In order to use backoff, increase buffer pool at least up to 20MB.

2018-10-28 15:10:12 5600 [Note] InnoDB: Using mutexes to ref count buffer pool pages
2018-10-28 15:10:12 5600 [Note] InnoDB: The InnoDB memory heap is disabled
2018-10-28 15:10:12 5600 [Note] InnoDB: Mutexes and rw_locks use Windows interlocked functions
2018-10-28 15:10:12 5600 [Note] InnoDB: _mm_lfence() and _mm_sfence() are used for memory barrier
2018-10-28 15:10:12 5600 [Note] InnoDB: Compressed tables use zlib 1.2.3
2018-10-28 15:10:12 5600 [Note] InnoDB: Using generic crc32 instructions
2018-10-28 15:10:12 5600 [Note] InnoDB: Initializing buffer pool, size = 16.0M
2018-10-28 15:10:12 5600 [Note] InnoDB: Completed initialization of buffer pool
2018-10-28 15:10:12 5600 [Note] InnoDB: Highest supported file format is Barracuda.
2018-10-28 15:10:12 5600 [Note] InnoDB: 128 rollback segment(s) are active.
2018-10-28 15:10:12 5600 [Note] InnoDB: Waiting for purge to start
2018-10-28 15:10:12 5600 [Note] InnoDB:  Percona XtraDB (http://www.percona.com) 5.6.39-83.1 started; log sequence number 1835037
2018-10-28 15:10:12 10084 [Note] InnoDB: Dumping buffer pool(s) not yet started
2018-10-28 15:10:12 5600 [Note] Plugin 'FEEDBACK' is disabled.
2018-10-28 15:10:12 5600 [Note] Server socket created on IP: '::'.
2018-10-28 15:10:12 5600 [Note] c:\xampp\mysql\bin\mysqld.exe: ready for connections.
Version: '10.1.36-MariaDB'  socket: ''  port: 3306  mariadb.org binary distribution
2018-10-29 09:45:06 2128 InnoDB: Warning: Using innodb_additional_mem_pool_size is DEPRECATED. This option may be removed in future releases, together with the option innodb_use_sys_malloc and with the InnoDB's internal memory allocator.
2018-10-29  9:45:06 8488 [Note] InnoDB: innodb_empty_free_list_algorithm has been changed to legacy because of small buffer pool size. In order to use backoff, increase buffer pool at least up to 20MB.

2018-10-29  9:45:06 8488 [Note] InnoDB: Using mutexes to ref count buffer pool pages
2018-10-29  9:45:06 8488 [Note] InnoDB: The InnoDB memory heap is disabled
2018-10-29  9:45:06 8488 [Note] InnoDB: Mutexes and rw_locks use Windows interlocked functions
2018-10-29  9:45:06 8488 [Note] InnoDB: _mm_lfence() and _mm_sfence() are used for memory barrier
2018-10-29  9:45:06 8488 [Note] InnoDB: Compressed tables use zlib 1.2.3
2018-10-29  9:45:06 8488 [Note] InnoDB: Using generic crc32 instructions
2018-10-29  9:45:06 8488 [Note] InnoDB: Initializing buffer pool, size = 16.0M
2018-10-29  9:45:06 8488 [Note] InnoDB: Completed initialization of buffer pool
2018-10-29  9:45:06 8488 [Note] InnoDB: Highest supported file format is Barracuda.
2018-10-29  9:45:06 8488 [Note] InnoDB: The log sequence number 1835037 in ibdata file do not match the log sequence number 3664509 in the ib_logfiles!
2018-10-29  9:45:06 8488 [Note] InnoDB: Restoring possible half-written data pages from the doublewrite buffer...
2018-10-29  9:45:07 8488 [Note] InnoDB: 128 rollback segment(s) are active.
2018-10-29  9:45:07 8488 [Note] InnoDB: Waiting for purge to start
2018-10-29  9:45:07 8488 [Note] InnoDB:  Percona XtraDB (http://www.percona.com) 5.6.39-83.1 started; log sequence number 3664509
2018-10-29  9:45:07 18292 [Note] InnoDB: Dumping buffer pool(s) not yet started
2018-10-29  9:45:07 8488 [Note] Plugin 'FEEDBACK' is disabled.
2018-10-29  9:45:07 8488 [Note] Server socket created on IP: '::'.
2018-10-29  9:45:07 8488 [Note] c:\xampp\mysql\bin\mysqld.exe: ready for connections.
Version: '10.1.36-MariaDB'  socket: ''  port: 3306  mariadb.org binary distribution
2018-10-29 10:26:18 3b50 InnoDB: Warning: Using innodb_additional_mem_pool_size is DEPRECATED. This option may be removed in future releases, together with the option innodb_use_sys_malloc and with the InnoDB's internal memory allocator.
2018-10-29 10:26:18 15184 [Note] InnoDB: innodb_empty_free_list_algorithm has been changed to legacy because of small buffer pool size. In order to use backoff, increase buffer pool at least up to 20MB.

2018-10-29 10:26:18 15184 [Note] InnoDB: Using mutexes to ref count buffer pool pages
2018-10-29 10:26:18 15184 [Note] InnoDB: The InnoDB memory heap is disabled
2018-10-29 10:26:18 15184 [Note] InnoDB: Mutexes and rw_locks use Windows interlocked functions
2018-10-29 10:26:18 15184 [Note] InnoDB: _mm_lfence() and _mm_sfence() are used for memory barrier
2018-10-29 10:26:18 15184 [Note] InnoDB: Compressed tables use zlib 1.2.3
2018-10-29 10:26:18 15184 [Note] InnoDB: Using generic crc32 instructions
2018-10-29 10:26:18 15184 [Note] InnoDB: Initializing buffer pool, size = 16.0M
2018-10-29 10:26:18 15184 [Note] InnoDB: Completed initialization of buffer pool
2018-10-29 10:26:18 15184 [Note] InnoDB: Highest supported file format is Barracuda.
2018-10-29 10:26:18 15184 [Note] InnoDB: The log sequence number 1835037 in ibdata file do not match the log sequence number 3777079 in the ib_logfiles!
2018-10-29 10:26:18 15184 [Note] InnoDB: Restoring possible half-written data pages from the doublewrite buffer...
2018-10-29 10:26:18 15184 [Note] InnoDB: 128 rollback segment(s) are active.
2018-10-29 10:26:18 15184 [Note] InnoDB: Waiting for purge to start
2018-10-29 10:26:18 15184 [Note] InnoDB:  Percona XtraDB (http://www.percona.com) 5.6.39-83.1 started; log sequence number 3777079
2018-10-29 10:26:18 11720 [Note] InnoDB: Dumping buffer pool(s) not yet started
2018-10-29 10:26:18 15184 [Note] Plugin 'FEEDBACK' is disabled.
2018-10-29 10:26:18 15184 [Note] Server socket created on IP: '::'.
2018-10-29 10:26:18 15184 [Note] c:\xampp\mysql\bin\mysqld.exe: ready for connections.
Version: '10.1.36-MariaDB'  socket: ''  port: 3306  mariadb.org binary distribution
2018-10-29 13:20:10 10332 [ERROR] Incorrect definition of table mysql.column_stats: expected column 'min_value' at position 3 to have type varbinary(255), found type varchar(255).
2018-10-29 13:20:10 10332 [ERROR] Incorrect definition of table mysql.column_stats: expected column 'max_value' at position 4 to have type varbinary(255), found type varchar(255).
2018-10-29 13:32:28 19204 [ERROR] Incorrect definition of table mysql.column_stats: expected column 'min_value' at position 3 to have type varbinary(255), found type varchar(255).
2018-10-29 13:32:28 19204 [ERROR] Incorrect definition of table mysql.column_stats: expected column 'max_value' at position 4 to have type varbinary(255), found type varchar(255).
2018-10-29 14:23:59 efc InnoDB: Warning: Using innodb_additional_mem_pool_size is DEPRECATED. This option may be removed in future releases, together with the option innodb_use_sys_malloc and with the InnoDB's internal memory allocator.
2018-10-29 14:23:59 3836 [Note] InnoDB: innodb_empty_free_list_algorithm has been changed to legacy because of small buffer pool size. In order to use backoff, increase buffer pool at least up to 20MB.

2018-10-29 14:23:59 3836 [Note] InnoDB: Using mutexes to ref count buffer pool pages
2018-10-29 14:23:59 3836 [Note] InnoDB: The InnoDB memory heap is disabled
2018-10-29 14:23:59 3836 [Note] InnoDB: Mutexes and rw_locks use Windows interlocked functions
2018-10-29 14:23:59 3836 [Note] InnoDB: _mm_lfence() and _mm_sfence() are used for memory barrier
2018-10-29 14:23:59 3836 [Note] InnoDB: Compressed tables use zlib 1.2.3
2018-10-29 14:23:59 3836 [Note] InnoDB: Using generic crc32 instructions
2018-10-29 14:23:59 3836 [Note] InnoDB: Initializing buffer pool, size = 16.0M
2018-10-29 14:23:59 3836 [Note] InnoDB: Completed initialization of buffer pool
2018-10-29 14:23:59 3836 [Note] InnoDB: Highest supported file format is Barracuda.
2018-10-29 14:23:59 3836 [Note] InnoDB: The log sequence number 1835037 in ibdata file do not match the log sequence number 4139716 in the ib_logfiles!
2018-10-29 14:23:59 3836 [Note] InnoDB: Restoring possible half-written data pages from the doublewrite buffer...
2018-10-29 14:23:59 3836 [Note] InnoDB: 128 rollback segment(s) are active.
2018-10-29 14:23:59 3836 [Note] InnoDB: Waiting for purge to start
2018-10-29 14:23:59 3836 [Note] InnoDB:  Percona XtraDB (http://www.percona.com) 5.6.39-83.1 started; log sequence number 4139716
2018-10-29 14:23:59 6008 [Note] InnoDB: Dumping buffer pool(s) not yet started
2018-10-29 14:23:59 3836 [Note] Plugin 'FEEDBACK' is disabled.
2018-10-29 14:23:59 3836 [Note] Server socket created on IP: '::'.
2018-10-29 14:24:00 3836 [Note] c:\xampp\mysql\bin\mysqld.exe: ready for connections.
Version: '10.1.36-MariaDB'  socket: ''  port: 3306  mariadb.org binary distribution
2018-10-29 14:32:19 52e4 InnoDB: Warning: Using innodb_additional_mem_pool_size is DEPRECATED. This option may be removed in future releases, together with the option innodb_use_sys_malloc and with the InnoDB's internal memory allocator.
2018-10-29 14:32:19 21220 [Note] InnoDB: innodb_empty_free_list_algorithm has been changed to legacy because of small buffer pool size. In order to use backoff, increase buffer pool at least up to 20MB.

2018-10-29 14:32:19 21220 [Note] InnoDB: Using mutexes to ref count buffer pool pages
2018-10-29 14:32:19 21220 [Note] InnoDB: The InnoDB memory heap is disabled
2018-10-29 14:32:19 21220 [Note] InnoDB: Mutexes and rw_locks use Windows interlocked functions
2018-10-29 14:32:19 21220 [Note] InnoDB: _mm_lfence() and _mm_sfence() are used for memory barrier
2018-10-29 14:32:19 21220 [Note] InnoDB: Compressed tables use zlib 1.2.3
2018-10-29 14:32:19 21220 [Note] InnoDB: Using generic crc32 instructions
2018-10-29 14:32:19 21220 [Note] InnoDB: Initializing buffer pool, size = 16.0M
2018-10-29 14:32:19 21220 [Note] InnoDB: Completed initialization of buffer pool
2018-10-29 14:32:19 21220 [Note] InnoDB: Highest supported file format is Barracuda.
2018-10-29 14:32:19 21220 [Note] InnoDB: The log sequence number 1835037 in ibdata file do not match the log sequence number 4153088 in the ib_logfiles!
2018-10-29 14:32:19 21220 [Note] InnoDB: Restoring possible half-written data pages from the doublewrite buffer...
2018-10-29 14:32:20 21220 [Note] InnoDB: 128 rollback segment(s) are active.
2018-10-29 14:32:20 21220 [Note] InnoDB: Waiting for purge to start
2018-10-29 14:32:20 21220 [Note] InnoDB:  Percona XtraDB (http://www.percona.com) 5.6.39-83.1 started; log sequence number 4153088
2018-10-29 14:32:20 19172 [Note] InnoDB: Dumping buffer pool(s) not yet started
2018-10-29 14:32:20 21220 [Note] Plugin 'FEEDBACK' is disabled.
2018-10-29 14:32:20 21220 [Note] Server socket created on IP: '::'.
2018-10-29 14:32:20 21220 [Note] c:\xampp\mysql\bin\mysqld.exe: ready for connections.
Version: '10.1.36-MariaDB'  socket: ''  port: 3306  mariadb.org binary distribution
2018-10-29 14:50:49 19056 [ERROR] Incorrect definition of table mysql.column_stats: expected column 'min_value' at position 3 to have type varbinary(255), found type varchar(255).
2018-10-29 14:50:49 19056 [ERROR] Incorrect definition of table mysql.column_stats: expected column 'max_value' at position 4 to have type varbinary(255), found type varchar(255).
2018-10-29 14:52:13 19636 [ERROR] Incorrect definition of table mysql.column_stats: expected column 'min_value' at position 3 to have type varbinary(255), found type varchar(255).
2018-10-29 14:52:13 19636 [ERROR] Incorrect definition of table mysql.column_stats: expected column 'max_value' at position 4 to have type varbinary(255), found type varchar(255).
2018-11-02 11:01:15 3b0c InnoDB: Warning: Using innodb_additional_mem_pool_size is DEPRECATED. This option may be removed in future releases, together with the option innodb_use_sys_malloc and with the InnoDB's internal memory allocator.
2018-11-02 11:01:15 15116 [Note] InnoDB: innodb_empty_free_list_algorithm has been changed to legacy because of small buffer pool size. In order to use backoff, increase buffer pool at least up to 20MB.

2018-11-02 11:01:15 15116 [Note] InnoDB: Using mutexes to ref count buffer pool pages
2018-11-02 11:01:15 15116 [Note] InnoDB: The InnoDB memory heap is disabled
2018-11-02 11:01:15 15116 [Note] InnoDB: Mutexes and rw_locks use Windows interlocked functions
2018-11-02 11:01:15 15116 [Note] InnoDB: _mm_lfence() and _mm_sfence() are used for memory barrier
2018-11-02 11:01:15 15116 [Note] InnoDB: Compressed tables use zlib 1.2.3
2018-11-02 11:01:15 15116 [Note] InnoDB: Using generic crc32 instructions
2018-11-02 11:01:15 15116 [Note] InnoDB: Initializing buffer pool, size = 16.0M
2018-11-02 11:01:15 15116 [Note] InnoDB: Completed initialization of buffer pool
2018-11-02 11:01:15 15116 [Note] InnoDB: Highest supported file format is Barracuda.
2018-11-02 11:01:15 15116 [Note] InnoDB: The log sequence number 1835037 in ibdata file do not match the log sequence number 4438915 in the ib_logfiles!
2018-11-02 11:01:16 15116 [Note] InnoDB: Restoring possible half-written data pages from the doublewrite buffer...
2018-11-02 11:01:16 15116 [Note] InnoDB: 128 rollback segment(s) are active.
2018-11-02 11:01:16 15116 [Note] InnoDB: Waiting for purge to start
2018-11-02 11:01:16 15116 [Note] InnoDB:  Percona XtraDB (http://www.percona.com) 5.6.39-83.1 started; log sequence number 4438915
2018-11-02 11:01:16 10224 [Note] InnoDB: Dumping buffer pool(s) not yet started
2018-11-02 11:01:16 15116 [Note] Plugin 'FEEDBACK' is disabled.
2018-11-02 11:01:16 15116 [Note] Server socket created on IP: '::'.
2018-11-02 11:01:16 15116 [Note] c:\xampp\mysql\bin\mysqld.exe: ready for connections.
Version: '10.1.36-MariaDB'  socket: ''  port: 3306  mariadb.org binary distribution
